
> restaurant-frontend@0.1.0 start
> react-scripts start

(node:16857) [DEP_WEBPACK_DEV_SERVER_ON_AFTER_SETUP_MIDDLEWARE] DeprecationWarning: 'onAfterSetupMiddleware' option is deprecated. Please use the 'setupMiddlewares' option.
(Use `node --trace-deprecation ...` to show where the warning was created)
(node:16857) [DEP_WEBPACK_DEV_SERVER_ON_BEFORE_SETUP_MIDDLEWARE] DeprecationWarning: 'onBeforeSetupMiddleware' option is deprecated. Please use the 'setupMiddlewares' option.
Starting the development server...

Compiled with warnings.

[eslint] 
src/components/Dashboard/OrderSummaryPieChart.jsx
  Line 9:18:  'setFilter' is assigned a value but never used                                                                no-unused-vars
  Line 15:6:  React Hook useEffect has a missing dependency: 'fetchData'. Either include it or remove the dependency array  react-hooks/exhaustive-deps

src/components/Dashboard/RevenueChart.jsx
  Line 28:18:  'setFilter' is assigned a value but never used                                                                       no-unused-vars
  Line 33:6:   React Hook useEffect has a missing dependency: 'fetchRevenueData'. Either include it or remove the dependency array  react-hooks/exhaustive-deps

src/pages/MenuPage.jsx
  Line 13:16:  'setPage' is assigned a value but never used                                                                       no-unused-vars
  Line 19:6:   React Hook useEffect has a missing dependency: 'fetchMenuItems'. Either include it or remove the dependency array  react-hooks/exhaustive-deps

Search for the keywords to learn more about each warning.
To ignore, add // eslint-disable-next-line to the line before.

WARNING in [eslint] 
src/components/Dashboard/OrderSummaryPieChart.jsx
  Line 9:18:  'setFilter' is assigned a value but never used                                                                no-unused-vars
  Line 15:6:  React Hook useEffect has a missing dependency: 'fetchData'. Either include it or remove the dependency array  react-hooks/exhaustive-deps

src/components/Dashboard/RevenueChart.jsx
  Line 28:18:  'setFilter' is assigned a value but never used                                                                       no-unused-vars
  Line 33:6:   React Hook useEffect has a missing dependency: 'fetchRevenueData'. Either include it or remove the dependency array  react-hooks/exhaustive-deps

src/pages/MenuPage.jsx
  Line 13:16:  'setPage' is assigned a value but never used                                                                       no-unused-vars
  Line 19:6:   React Hook useEffect has a missing dependency: 'fetchMenuItems'. Either include it or remove the dependency array  react-hooks/exhaustive-deps

webpack compiled with 1 warning
Compiled with warnings.

[eslint] 
src/components/Dashboard/OrderSummaryPieChart.jsx
  Line 9:18:  'setFilter' is assigned a value but never used                                                                no-unused-vars
  Line 15:6:  React Hook useEffect has a missing dependency: 'fetchData'. Either include it or remove the dependency array  react-hooks/exhaustive-deps

src/components/Dashboard/RevenueChart.jsx
  Line 28:18:  'setFilter' is assigned a value but never used                                                                       no-unused-vars
  Line 33:6:   React Hook useEffect has a missing dependency: 'fetchRevenueData'. Either include it or remove the dependency array  react-hooks/exhaustive-deps

src/pages/MenuPage.jsx
  Line 13:16:  'setPage' is assigned a value but never used                                                                       no-unused-vars
  Line 19:6:   React Hook useEffect has a missing dependency: 'fetchMenuItems'. Either include it or remove the dependency array  react-hooks/exhaustive-deps

Search for the keywords to learn more about each warning.
To ignore, add // eslint-disable-next-line to the line before.

WARNING in [eslint] 
src/components/Dashboard/OrderSummaryPieChart.jsx
  Line 9:18:  'setFilter' is assigned a value but never used                                                                no-unused-vars
  Line 15:6:  React Hook useEffect has a missing dependency: 'fetchData'. Either include it or remove the dependency array  react-hooks/exhaustive-deps

src/components/Dashboard/RevenueChart.jsx
  Line 28:18:  'setFilter' is assigned a value but never used                                                                       no-unused-vars
  Line 33:6:   React Hook useEffect has a missing dependency: 'fetchRevenueData'. Either include it or remove the dependency array  react-hooks/exhaustive-deps

src/pages/MenuPage.jsx
  Line 13:16:  'setPage' is assigned a value but never used                                                                       no-unused-vars
  Line 19:6:   React Hook useEffect has a missing dependency: 'fetchMenuItems'. Either include it or remove the dependency array  react-hooks/exhaustive-deps

webpack compiled with 1 warning
Compiled with warnings.

[eslint] 
src/components/Dashboard/OrderSummaryPieChart.jsx
  Line 9:18:  'setFilter' is assigned a value but never used                                                                no-unused-vars
  Line 15:6:  React Hook useEffect has a missing dependency: 'fetchData'. Either include it or remove the dependency array  react-hooks/exhaustive-deps

src/components/Dashboard/RevenueChart.jsx
  Line 28:18:  'setFilter' is assigned a value but never used                                                                       no-unused-vars
  Line 33:6:   React Hook useEffect has a missing dependency: 'fetchRevenueData'. Either include it or remove the dependency array  react-hooks/exhaustive-deps

src/pages/MenuPage.jsx
  Line 13:16:  'setPage' is assigned a value but never used                                                                       no-unused-vars
  Line 19:6:   React Hook useEffect has a missing dependency: 'fetchMenuItems'. Either include it or remove the dependency array  react-hooks/exhaustive-deps

Search for the keywords to learn more about each warning.
To ignore, add // eslint-disable-next-line to the line before.

WARNING in [eslint] 
src/components/Dashboard/OrderSummaryPieChart.jsx
  Line 9:18:  'setFilter' is assigned a value but never used                                                                no-unused-vars
  Line 15:6:  React Hook useEffect has a missing dependency: 'fetchData'. Either include it or remove the dependency array  react-hooks/exhaustive-deps

src/components/Dashboard/RevenueChart.jsx
  Line 28:18:  'setFilter' is assigned a value but never used                                                                       no-unused-vars
  Line 33:6:   React Hook useEffect has a missing dependency: 'fetchRevenueData'. Either include it or remove the dependency array  react-hooks/exhaustive-deps

src/pages/MenuPage.jsx
  Line 13:16:  'setPage' is assigned a value but never used                                                                       no-unused-vars
  Line 19:6:   React Hook useEffect has a missing dependency: 'fetchMenuItems'. Either include it or remove the dependency array  react-hooks/exhaustive-deps

webpack compiled with 1 warning
